2021-12-30 14:21:46,719 INFO  [Log] Test called: Testing the authentication has started 
2021-12-30 14:21:49,486 INFO  [Log] INFO: Navigating to https://lms.juaracoding.com/automationpractice/ 
2021-12-30 14:21:52,656 INFO  [Log] Test called: Testing dashboard page has started 
2022-01-14 14:08:58,861 INFO  [Log] Test called: Testing the authentication has started 
2022-01-14 14:08:59,777 INFO  [Log] INFO: Navigating to https://lms.juaracoding.com/automationpractice/ 
2022-01-14 14:09:02,701 INFO  [Log] Test called: Testing dashboard page has started 
2022-01-14 14:16:17,525 INFO  [Log] Test called: Testing the authentication has started 
2022-01-14 14:17:25,074 INFO  [Log] Test called: Testing the authentication has started 
2022-01-14 14:17:34,069 INFO  [Log] INFO: Navigating to https://dev.ptdika.com/hrd_new/panel/login/ 
2022-01-14 14:17:40,188 INFO  [Log] Test called: Testing dashboard page has started 
2022-01-14 14:18:49,807 INFO  [Log] Test called: Testing the authentication has started 
2022-01-14 14:19:16,048 INFO  [Log] INFO: Navigating to https://dev.ptdika.com/hrd_new/panel/login/ 
2022-01-14 14:19:17,024 INFO  [Log] Test called: Testing dashboard page has started 
2022-01-14 14:33:30,530 INFO  [Log] Test called: Testing the authentication has started 
2022-01-14 14:33:36,180 INFO  [Log] INFO: Navigating to https://dev.ptdika.com/hrd_new/panel/login/ 
2022-01-14 14:35:28,822 INFO  [Log] Test called: Testing the authentication has started 
2022-01-14 14:35:33,287 INFO  [Log] INFO: Navigating to https://dev.ptdika.com/hrd_new/panel/login/ 
2022-01-14 14:37:22,115 INFO  [Log] Test called: Testing the authentication has started 
2022-01-14 14:37:30,355 INFO  [Log] INFO: Navigating to https://dev.ptdika.com/hrd_new/panel/login/ 
2022-01-14 14:38:16,233 INFO  [Log] Test called: Testing the authentication has started 
2022-01-14 14:38:28,622 INFO  [Log] INFO: Navigating to https://dev.ptdika.com/hrd_new/panel/login/ 
2022-01-14 14:41:03,367 INFO  [Log] Test called: Testing the authentication has started 
2022-01-14 14:41:07,828 INFO  [Log] INFO: Navigating to https://dev.ptdika.com/hrd_new/panel/login/ 
2022-01-14 14:42:19,990 INFO  [Log] Test called: Testing the authentication has started 
2022-01-14 14:42:22,701 INFO  [Log] INFO: Navigating to https://dev.ptdika.com/hrd_new/panel/login/ 
2022-01-14 14:50:32,407 INFO  [Log] Test called: Testing the authentication has started 
2022-01-14 14:50:55,562 INFO  [Log] INFO: Navigating to https://dev.ptdika.com/hrd_new/panel/login/ 
2022-01-14 14:52:19,680 INFO  [Log] Test called: Testing the authentication has started 
2022-01-14 14:52:30,916 INFO  [Log] INFO: Navigating to https://dev.ptdika.com/hrd_new/panel/login/ 
2022-01-14 14:54:19,782 INFO  [Log] Test called: Testing the authentication has started 
2022-01-14 14:54:40,333 INFO  [Log] INFO: Navigating to https://dev.ptdika.com/hrd_new/panel/login/ 
2022-01-14 14:56:49,147 INFO  [Log] Test called: Testing the authentication has started 
2022-01-14 14:56:54,528 INFO  [Log] INFO: Navigating to https://dev.ptdika.com/hrd_new/panel/login/ 
2022-01-14 15:05:20,361 INFO  [Log] Test called: Testing the authentication has started 
2022-01-14 15:05:21,964 INFO  [Log] INFO: Navigating to https://dev.ptdika.com/hrd_new/panel/login/ 
2022-01-14 15:06:35,900 INFO  [Log] Test called: Testing the authentication has started 
2022-01-14 15:06:37,888 INFO  [Log] INFO: Navigating to https://dev.ptdika.com/hrd_new/panel/login/ 
2022-01-14 15:19:01,733 INFO  [Log] Test called: Testing the authentication has started 
2022-01-14 15:19:04,186 INFO  [Log] INFO: Navigating to https://dev.ptdika.com/hrd_new/panel/login/ 
2022-01-14 15:20:59,818 INFO  [Log] Test called: Testing the authentication has started 
2022-01-14 15:21:02,989 INFO  [Log] INFO: Navigating to https://dev.ptdika.com/hrd_new/panel/login/ 
2022-01-14 15:24:51,408 INFO  [Log] Test called: Testing the authentication has started 
2022-01-14 15:24:56,457 INFO  [Log] INFO: Navigating to https://dev.ptdika.com/hrd_new/panel/login/ 
2022-01-14 15:25:43,662 INFO  [Log] Test called: Testing the authentication has started 
2022-01-14 15:26:08,740 INFO  [Log] INFO: Navigating to https://dev.ptdika.com/hrd_new/panel/login/ 
2022-01-14 15:27:46,334 INFO  [Log] Test called: Testing the authentication has started 
2022-01-14 15:28:04,602 INFO  [Log] INFO: Navigating to https://dev.ptdika.com/hrd_new/panel/login/ 
2022-01-14 15:32:38,006 INFO  [Log] Test called: Testing the authentication has started 
2022-01-14 15:32:39,855 INFO  [Log] INFO: Navigating to https://dev.ptdika.com/hrd_new/panel/login/ 
2022-01-14 15:34:10,051 INFO  [Log] Test called: Testing the authentication has started 
2022-01-14 15:34:15,772 INFO  [Log] INFO: Navigating to https://dev.ptdika.com/hrd_new/panel/login/ 
2022-01-14 15:36:15,446 INFO  [Log] Test called: Testing the authentication has started 
2022-01-14 15:36:20,021 INFO  [Log] INFO: Navigating to https://dev.ptdika.com/hrd_new/panel/login/ 
2022-01-14 15:59:17,850 INFO  [Log] Test called: Testing the authentication has started 
2022-01-14 15:59:19,197 INFO  [Log] INFO: Navigating to https://dev.ptdika.com/hrd_new/panel/login/ 
2022-01-14 16:06:38,067 INFO  [Log] Test called: Testing the authentication has started 
2022-01-14 16:06:55,532 INFO  [Log] INFO: Navigating to https://dev.ptdika.com/hrd_new/panel/login/ 
2022-01-14 16:37:15,187 INFO  [Log] Test called: Testing the authentication has started 
2022-01-14 16:37:18,932 INFO  [Log] INFO: Navigating to https://dev.ptdika.com/hrd_new/panel/login/ 
2022-01-14 16:37:50,804 INFO  [Log] Test called: Testing the authentication has started 
2022-01-14 16:37:52,585 INFO  [Log] INFO: Navigating to https://dev.ptdika.com/hrd_new/panel/login/ 
2022-01-14 16:56:49,710 INFO  [Log] Test called: Testing the authentication has started 
2022-01-14 16:56:53,892 INFO  [Log] INFO: Navigating to https://dev.ptdika.com/hrd_new/panel/login/ 
2022-01-14 16:57:21,268 INFO  [Log] Test called: Testing the authentication has started 
2022-01-14 16:57:28,100 INFO  [Log] INFO: Navigating to https://dev.ptdika.com/hrd_new/panel/login/ 
2022-01-15 09:35:18,897 INFO  [Log] Test called: Testing the authentication has started 
2022-01-15 09:35:25,285 INFO  [Log] INFO: Navigating to https://dev.ptdika.com/hrd_new/panel/login/ 
2022-01-15 09:43:51,503 INFO  [Log] Test called: Testing the authentication has started 
2022-01-15 09:43:52,869 INFO  [Log] INFO: Navigating to https://dev.ptdika.com/hrd_new/panel/login/ 
2022-01-15 10:23:53,282 INFO  [Log] Test called: Testing the authentication has started 
2022-01-15 10:23:56,057 INFO  [Log] INFO: Navigating to https://dev.ptdika.com/hrd_new/panel/login/ 
2022-01-15 10:24:52,694 INFO  [Log] Test called: Testing the authentication has started 
2022-01-15 10:24:57,750 INFO  [Log] INFO: Navigating to https://dev.ptdika.com/hrd_new/panel/login/ 
2022-01-15 10:28:13,507 INFO  [Log] Test called: Testing the authentication has started 
2022-01-15 10:28:17,242 INFO  [Log] INFO: Navigating to https://dev.ptdika.com/hrd_new/panel/login/ 
2022-01-15 10:30:01,026 INFO  [Log] Test called: Testing the authentication has started 
2022-01-15 10:30:05,931 INFO  [Log] INFO: Navigating to https://dev.ptdika.com/hrd_new/panel/login/ 
2022-01-15 10:31:36,013 INFO  [Log] Test called: Testing the authentication has started 
2022-01-15 10:31:40,713 INFO  [Log] INFO: Navigating to https://dev.ptdika.com/hrd_new/panel/login/ 
2022-01-15 11:10:28,380 INFO  [Log] Test called: Testing the login hrd has started 
2022-01-15 11:11:38,726 INFO  [Log] Test called: Testing the login hrd has started 
2022-01-15 11:11:40,324 INFO  [Log] INFO: Navigating to https://dev.ptdika.com/hrd_new/panel/login/ 
2022-01-15 11:11:58,557 INFO  [Log] Test called: Testing the cuti has started 
2022-01-15 11:14:02,537 INFO  [Log] Test called: Testing the login hrd has started 
2022-01-15 11:14:06,295 INFO  [Log] INFO: Navigating to https://dev.ptdika.com/hrd_new/panel/login/ 
2022-01-15 11:14:15,371 INFO  [Log] Test called: Testing the cuti has started 
2022-01-15 11:24:07,411 INFO  [Log] Test called: Testing the login hrd has started 
2022-01-15 11:24:10,495 INFO  [Log] INFO: Navigating to https://dev.ptdika.com/hrd_new/panel/login/ 
2022-01-15 11:25:05,318 INFO  [Log] Test called: Testing the cuti has started 
2022-01-15 11:29:26,465 INFO  [Log] Test called: Testing the login hrd has started 
2022-01-15 11:29:29,468 INFO  [Log] INFO: Navigating to https://dev.ptdika.com/hrd_new/panel/login/ 
2022-01-15 11:30:09,473 INFO  [Log] Test called: Testing the cuti has started 
2022-01-15 12:00:47,394 INFO  [Log] Test called: Testing the login hrd has started 
2022-01-15 12:00:54,050 INFO  [Log] INFO: Navigating to https://dev.ptdika.com/hrd_new/panel/login/ 
2022-01-15 12:02:13,000 INFO  [Log] Test called: Testing the login hrd has started 
2022-01-15 12:02:51,362 INFO  [Log] INFO: Navigating to https://dev.ptdika.com/hrd_new/panel/login/ 
2022-01-15 12:02:52,166 INFO  [Log] Test called: Testing the cuti has started 
2022-01-15 12:03:14,911 INFO  [Log] Test called: Testing the login hrd has started 
2022-01-15 12:03:29,798 INFO  [Log] INFO: Navigating to https://dev.ptdika.com/hrd_new/panel/login/ 
2022-01-15 12:03:35,222 INFO  [Log] Test called: Testing the cuti has started 
2022-01-15 12:24:46,014 INFO  [Log] Test called: Testing the login hrd has started 
2022-01-15 12:25:21,975 INFO  [Log] Test called: Testing the login hrd has started 
2022-01-15 12:25:25,268 INFO  [Log] INFO: Navigating to https://dev.ptdika.com/hrd_new/panel/login/ 
2022-01-15 12:25:26,871 INFO  [Log] Test called: Testing the cuti has started 
2022-01-15 12:28:40,275 INFO  [Log] Test called: Testing the login hrd has started 
2022-01-15 12:28:50,222 INFO  [Log] INFO: Navigating to https://dev.ptdika.com/hrd_new/panel/login/ 
2022-01-15 12:28:59,424 INFO  [Log] Test called: Testing the cuti has started 
2022-01-15 12:31:12,173 INFO  [Log] Test called: Testing the login hrd has started 
2022-01-15 12:31:18,751 INFO  [Log] INFO: Navigating to https://dev.ptdika.com/hrd_new/panel/login/ 
2022-01-15 12:31:28,809 INFO  [Log] Test called: Testing the cuti has started 
2022-01-15 14:37:56,122 INFO  [Log] Test called: Testing the login hrd has started 
2022-01-15 14:38:04,616 INFO  [Log] INFO: Navigating to https://dev.ptdika.com/hrd_new/panel/login/ 
2022-01-15 14:38:12,106 INFO  [Log] Test called: Testing the cuti has started 
2022-01-15 14:41:27,227 INFO  [Log] Test called: Testing the login hrd has started 
2022-01-15 14:41:30,257 INFO  [Log] INFO: Navigating to https://dev.ptdika.com/hrd_new/panel/login/ 
2022-01-15 14:41:38,550 INFO  [Log] Test called: Testing the cuti has started 
2022-01-15 14:44:39,069 INFO  [Log] Test called: Testing the login hrd has started 
2022-01-15 14:44:41,756 INFO  [Log] INFO: Navigating to https://dev.ptdika.com/hrd_new/panel/login/ 
2022-01-15 14:44:46,455 INFO  [Log] Test called: Testing the cuti has started 
2022-01-15 14:49:23,239 INFO  [Log] Test called: Testing the login hrd has started 
2022-01-15 14:49:25,120 INFO  [Log] INFO: Navigating to https://dev.ptdika.com/hrd_new/panel/login/ 
2022-01-15 14:49:29,869 INFO  [Log] Test called: Testing the cuti has started 
2022-01-15 14:50:31,812 INFO  [Log] Test called: Testing the login hrd has started 
2022-01-15 14:50:34,055 INFO  [Log] INFO: Navigating to https://dev.ptdika.com/hrd_new/panel/login/ 
2022-01-15 14:50:40,054 INFO  [Log] Test called: Testing the cuti has started 
2022-01-15 14:51:54,681 INFO  [Log] Test called: Testing the login hrd has started 
2022-01-15 14:51:56,475 INFO  [Log] INFO: Navigating to https://dev.ptdika.com/hrd_new/panel/login/ 
2022-01-15 14:52:01,855 INFO  [Log] Test called: Testing the cuti has started 
2022-01-15 14:58:02,947 INFO  [Log] Test called: Testing the login hrd has started 
2022-01-15 14:58:05,065 INFO  [Log] INFO: Navigating to https://dev.ptdika.com/hrd_new/panel/login/ 
2022-01-15 14:58:11,837 INFO  [Log] Test called: Testing the cuti has started 
2022-01-15 15:05:31,292 INFO  [Log] Test called: Testing the login hrd has started 
2022-01-15 15:05:32,788 INFO  [Log] INFO: Navigating to https://dev.ptdika.com/hrd_new/panel/login/ 
2022-01-15 15:05:38,530 INFO  [Log] Test called: Testing the cuti has started 
2022-01-15 15:09:28,784 INFO  [Log] Test called: Testing the login hrd has started 
2022-01-15 15:09:30,233 INFO  [Log] INFO: Navigating to https://dev.ptdika.com/hrd_new/panel/login/ 
2022-01-15 15:09:34,387 INFO  [Log] Test called: Testing the cuti has started 
2022-01-15 15:11:38,410 INFO  [Log] Test called: Testing the login hrd has started 
2022-01-15 15:11:40,865 INFO  [Log] INFO: Navigating to https://dev.ptdika.com/hrd_new/panel/login/ 
2022-01-15 15:11:46,284 INFO  [Log] Test called: Testing the cuti has started 
2022-01-15 15:13:10,177 INFO  [Log] Test called: Testing the login hrd has started 
2022-01-15 15:13:12,990 INFO  [Log] INFO: Navigating to https://dev.ptdika.com/hrd_new/panel/login/ 
2022-01-15 15:13:18,261 INFO  [Log] Test called: Testing the cuti has started 
2022-01-15 15:15:21,771 INFO  [Log] Test called: Testing the login hrd has started 
2022-01-15 15:15:23,633 INFO  [Log] INFO: Navigating to https://dev.ptdika.com/hrd_new/panel/login/ 
2022-01-15 15:15:27,923 INFO  [Log] Test called: Testing the cuti has started 
2022-01-15 15:19:05,563 INFO  [Log] Test called: Testing the login hrd has started 
2022-01-15 15:19:14,198 INFO  [Log] INFO: Navigating to https://dev.ptdika.com/hrd_new/panel/login/ 
2022-01-15 15:19:32,323 INFO  [Log] Test called: Testing the cuti has started 
2022-01-15 15:25:24,316 INFO  [Log] Test called: Testing the login hrd has started 
2022-01-15 15:25:32,420 INFO  [Log] INFO: Navigating to https://dev.ptdika.com/hrd_new/panel/login/ 
2022-01-15 15:25:43,408 INFO  [Log] Test called: Testing the cuti has started 
2022-01-15 15:39:53,098 INFO  [Log] Test called: Testing the login hrd has started 
2022-01-15 15:39:55,646 INFO  [Log] INFO: Navigating to https://dev.ptdika.com/hrd_new/panel/login/ 
2022-01-15 15:40:05,106 INFO  [Log] Test called: Testing the cuti has started 
2022-01-15 15:43:47,773 INFO  [Log] Test called: Testing the login hrd has started 
2022-01-15 15:43:49,914 INFO  [Log] INFO: Navigating to https://dev.ptdika.com/hrd_new/panel/login/ 
2022-01-15 15:43:55,359 INFO  [Log] Test called: Testing the cuti has started 
2022-01-15 15:52:02,508 INFO  [Log] Test called: Testing the login hrd has started 
2022-01-15 15:52:05,165 INFO  [Log] INFO: Navigating to https://dev.ptdika.com/hrd_new/panel/login/ 
2022-01-15 15:52:12,774 INFO  [Log] Test called: Testing the cuti has started 
2022-01-15 15:55:32,821 INFO  [Log] Test called: Testing the login hrd has started 
2022-01-15 15:55:34,461 INFO  [Log] INFO: Navigating to https://dev.ptdika.com/hrd_new/panel/login/ 
2022-01-15 15:55:38,362 INFO  [Log] Test called: Testing the cuti has started 
2022-01-15 16:16:12,082 INFO  [Log] Test called: Testing the login hrd has started 
2022-01-15 16:16:13,620 INFO  [Log] INFO: Navigating to https://dev.ptdika.com/hrd_new/panel/login/ 
2022-01-15 16:16:19,033 INFO  [Log] Test called: Testing the cuti has started 
2022-01-15 16:17:23,987 INFO  [Log] Test called: Testing the login hrd has started 
2022-01-15 16:17:25,330 INFO  [Log] INFO: Navigating to https://dev.ptdika.com/hrd_new/panel/login/ 
2022-01-15 16:17:30,109 INFO  [Log] Test called: Testing the cuti has started 
2022-01-15 16:18:55,252 INFO  [Log] Test called: Testing the login hrd has started 
2022-01-15 16:18:57,146 INFO  [Log] INFO: Navigating to https://dev.ptdika.com/hrd_new/panel/login/ 
2022-01-15 16:19:04,379 INFO  [Log] Test called: Testing the cuti has started 
2022-01-15 16:20:26,886 INFO  [Log] Test called: Testing the login hrd has started 
2022-01-15 16:20:28,906 INFO  [Log] INFO: Navigating to https://dev.ptdika.com/hrd_new/panel/login/ 
2022-01-15 16:20:35,048 INFO  [Log] Test called: Testing the cuti has started 
2022-01-15 16:24:01,438 INFO  [Log] Test called: Testing the login hrd has started 
2022-01-15 16:24:07,110 INFO  [Log] INFO: Navigating to https://dev.ptdika.com/hrd_new/panel/login/ 
2022-01-15 16:24:20,986 INFO  [Log] Test called: Testing the cuti has started 
2022-01-15 16:25:13,942 INFO  [Log] Test called: Testing the login hrd has started 
2022-01-15 16:25:17,627 INFO  [Log] INFO: Navigating to https://dev.ptdika.com/hrd_new/panel/login/ 
2022-01-15 16:25:25,029 INFO  [Log] Test called: Testing the cuti has started 
2022-01-15 16:38:46,390 INFO  [Log] Test called: Testing the login hrd has started 
2022-01-15 16:38:48,428 INFO  [Log] INFO: Navigating to https://dev.ptdika.com/hrd_new/panel/login/ 
2022-01-15 16:38:57,993 INFO  [Log] Test called: Testing the cuti has started 
2022-01-15 16:41:06,553 INFO  [Log] Test called: Testing the login hrd has started 
2022-01-15 16:41:08,193 INFO  [Log] INFO: Navigating to https://dev.ptdika.com/hrd_new/panel/login/ 
2022-01-15 16:41:16,688 INFO  [Log] Test called: Testing the cuti has started 
2022-01-15 16:49:03,105 INFO  [Log] Test called: Testing the login hrd has started 
2022-01-15 16:49:07,162 INFO  [Log] INFO: Navigating to https://dev.ptdika.com/hrd_new/panel/login/ 
2022-01-15 16:49:13,285 INFO  [Log] Test called: Testing the cuti has started 
2022-01-15 16:54:09,207 INFO  [Log] Test called: Testing the login hrd has started 
2022-01-15 16:54:11,290 INFO  [Log] INFO: Navigating to https://dev.ptdika.com/hrd_new/panel/login/ 
2022-01-15 16:54:17,546 INFO  [Log] Test called: Testing the cuti has started 
2022-01-15 16:55:10,219 INFO  [Log] Test called: Testing the login hrd has started 
2022-01-15 16:55:12,083 INFO  [Log] INFO: Navigating to https://dev.ptdika.com/hrd_new/panel/login/ 
2022-01-15 16:55:17,915 INFO  [Log] Test called: Testing the cuti has started 
2022-01-15 16:57:48,275 INFO  [Log] Test called: Testing the login hrd has started 
2022-01-15 16:57:50,015 INFO  [Log] INFO: Navigating to https://dev.ptdika.com/hrd_new/panel/login/ 
2022-01-15 16:57:54,177 INFO  [Log] Test called: Testing the cuti has started 
2022-01-15 16:58:45,279 INFO  [Log] Test called: Testing the login hrd has started 
2022-01-15 16:58:47,362 INFO  [Log] INFO: Navigating to https://dev.ptdika.com/hrd_new/panel/login/ 
2022-01-15 16:58:51,362 INFO  [Log] Test called: Testing the cuti has started 
2022-01-15 17:02:31,233 INFO  [Log] Test called: Testing the login hrd has started 
2022-01-15 17:02:32,633 INFO  [Log] INFO: Navigating to https://dev.ptdika.com/hrd_new/panel/login/ 
2022-01-15 17:02:36,762 INFO  [Log] Test called: Testing the cuti has started 
2022-01-15 17:03:35,739 INFO  [Log] Test called: Testing the login hrd has started 
2022-01-15 17:03:38,274 INFO  [Log] INFO: Navigating to https://dev.ptdika.com/hrd_new/panel/login/ 
2022-01-15 17:03:42,636 INFO  [Log] Test called: Testing the cuti has started 
2022-01-15 17:04:27,084 INFO  [Log] Test called: Testing the login hrd has started 
2022-01-15 17:04:28,446 INFO  [Log] INFO: Navigating to https://dev.ptdika.com/hrd_new/panel/login/ 
2022-01-15 17:04:32,701 INFO  [Log] Test called: Testing the cuti has started 
2022-01-15 17:10:07,996 INFO  [Log] Test called: Testing the login hrd has started 
2022-01-15 17:10:10,700 INFO  [Log] INFO: Navigating to https://dev.ptdika.com/hrd_new/panel/login/ 
2022-01-15 17:10:15,079 INFO  [Log] Test called: Testing the cuti has started 
2022-01-15 17:16:05,378 INFO  [Log] Test called: Testing the login hrd has started 
2022-01-15 17:16:10,657 INFO  [Log] INFO: Navigating to https://dev.ptdika.com/hrd_new/panel/login/ 
2022-01-15 17:16:16,898 INFO  [Log] Test called: Testing the cuti has started 
2022-01-15 17:24:53,417 INFO  [Log] Test called: Testing the login hrd has started 
2022-01-15 17:24:55,441 INFO  [Log] INFO: Navigating to https://dev.ptdika.com/hrd_new/panel/login/ 
2022-01-15 17:24:59,992 INFO  [Log] Test called: Testing the cuti has started 
2022-01-15 17:27:24,550 INFO  [Log] Test called: Testing the login hrd has started 
2022-01-15 17:27:25,949 INFO  [Log] INFO: Navigating to https://dev.ptdika.com/hrd_new/panel/login/ 
2022-01-15 17:27:31,708 INFO  [Log] Test called: Testing the cuti has started 
2022-01-15 17:45:30,947 INFO  [Log] Test called: Testing the login hrd has started 
2022-01-15 17:45:33,715 INFO  [Log] INFO: Navigating to https://dev.ptdika.com/hrd_new/panel/login/ 
2022-01-15 17:45:39,708 INFO  [Log] Test called: Testing the cuti has started 
2022-01-15 17:48:21,089 INFO  [Log] Test called: Testing the login hrd has started 
2022-01-15 17:48:23,848 INFO  [Log] INFO: Navigating to https://dev.ptdika.com/hrd_new/panel/login/ 
2022-01-15 17:48:30,054 INFO  [Log] Test called: Testing the cuti has started 
2022-01-15 18:08:19,132 INFO  [Log] Test called: Testing the login hrd has started 
2022-01-15 18:08:21,217 INFO  [Log] INFO: Navigating to https://dev.ptdika.com/hrd_new/panel/login/ 
2022-01-15 18:08:27,671 INFO  [Log] Test called: Testing the cuti has started 
2022-01-15 18:10:00,596 INFO  [Log] Test called: Testing the login hrd has started 
2022-01-15 18:10:04,869 INFO  [Log] INFO: Navigating to https://dev.ptdika.com/hrd_new/panel/login/ 
2022-01-15 18:10:14,179 INFO  [Log] Test called: Testing the cuti has started 
2022-01-15 18:15:19,607 INFO  [Log] Test called: Testing the login hrd has started 
2022-01-15 18:15:22,801 INFO  [Log] INFO: Navigating to https://dev.ptdika.com/hrd_new/panel/login/ 
2022-01-15 18:15:29,127 INFO  [Log] Test called: Testing the cuti has started 
2022-01-15 18:31:40,563 INFO  [Log] Test called: Testing the login hrd has started 
2022-01-15 18:31:42,156 INFO  [Log] INFO: Navigating to https://dev.ptdika.com/hrd_new/panel/login/ 
2022-01-15 18:31:46,861 INFO  [Log] Test called: Testing the cuti has started 
2022-01-15 18:33:55,990 INFO  [Log] Test called: Testing the login hrd has started 
2022-01-15 18:33:59,390 INFO  [Log] INFO: Navigating to https://dev.ptdika.com/hrd_new/panel/login/ 
2022-01-15 18:34:06,358 INFO  [Log] Test called: Testing the cuti has started 
2022-01-15 18:38:06,282 INFO  [Log] Test called: Testing the login hrd has started 
2022-01-15 18:38:08,061 INFO  [Log] INFO: Navigating to https://dev.ptdika.com/hrd_new/panel/login/ 
2022-01-15 18:38:14,766 INFO  [Log] Test called: Testing the cuti has started 
2022-01-15 18:43:26,764 INFO  [Log] Test called: Testing the login hrd has started 
2022-01-15 18:43:35,760 INFO  [Log] INFO: Navigating to https://dev.ptdika.com/hrd_new/panel/login/ 
2022-01-15 18:43:39,954 INFO  [Log] Test called: Testing the cuti has started 
2022-01-15 18:51:37,107 INFO  [Log] Test called: Testing the login hrd has started 
2022-01-15 18:51:40,050 INFO  [Log] INFO: Navigating to https://dev.ptdika.com/hrd_new/panel/login/ 
2022-01-15 18:51:43,977 INFO  [Log] Test called: Testing the cuti has started 
2022-01-15 18:56:39,130 INFO  [Log] Test called: Testing the login hrd has started 
2022-01-15 18:56:40,526 INFO  [Log] INFO: Navigating to https://dev.ptdika.com/hrd_new/panel/login/ 
2022-01-15 18:56:44,966 INFO  [Log] Test called: Testing the cuti has started 
2022-01-15 19:03:10,616 INFO  [Log] Test called: Testing the login hrd has started 
2022-01-15 19:03:11,918 INFO  [Log] INFO: Navigating to https://dev.ptdika.com/hrd_new/panel/login/ 
2022-01-15 19:03:19,430 INFO  [Log] Test called: Testing the cuti has started 
2022-01-15 19:16:12,718 INFO  [Log] Test called: Testing the login hrd has started 
2022-01-15 19:16:14,502 INFO  [Log] INFO: Navigating to https://dev.ptdika.com/hrd_new/panel/login/ 
2022-01-15 19:16:19,354 INFO  [Log] Test called: Testing the cuti has started 
2022-01-15 19:23:01,852 INFO  [Log] Test called: Testing the login hrd has started 
2022-01-15 19:23:03,148 INFO  [Log] INFO: Navigating to https://dev.ptdika.com/hrd_new/panel/login/ 
2022-01-15 19:23:07,447 INFO  [Log] Test called: Testing the cuti has started 
2022-01-15 19:28:15,826 INFO  [Log] Test called: Testing the login hrd has started 
2022-01-15 19:28:17,344 INFO  [Log] INFO: Navigating to https://dev.ptdika.com/hrd_new/panel/login/ 
2022-01-15 19:28:21,595 INFO  [Log] Test called: Testing the cuti has started 
2022-01-15 19:45:35,569 INFO  [Log] Test called: Testing the login hrd has started 
2022-01-15 19:45:37,109 INFO  [Log] INFO: Navigating to https://dev.ptdika.com/hrd_new/panel/login/ 
2022-01-15 19:45:42,159 INFO  [Log] Test called: Testing the cuti has started 
2022-01-15 20:24:39,590 INFO  [Log] Test called: Testing the login hrd has started 
2022-01-15 20:24:42,011 INFO  [Log] INFO: Navigating to https://dev.ptdika.com/hrd_new/panel/login/ 
2022-01-15 20:24:47,488 INFO  [Log] Test called: Testing the cuti has started 
2022-01-15 20:34:24,285 INFO  [Log] Test called: Testing the login hrd has started 
2022-01-15 20:34:28,956 INFO  [Log] INFO: Navigating to https://dev.ptdika.com/hrd_new/panel/login/ 
2022-01-15 20:34:37,167 INFO  [Log] Test called: Testing the surat peringatan hrd has started 
2022-01-15 20:35:11,691 INFO  [Log] Test called: Testing the login hrd has started 
2022-01-15 20:35:13,256 INFO  [Log] INFO: Navigating to https://dev.ptdika.com/hrd_new/panel/login/ 
2022-01-15 20:35:18,578 INFO  [Log] Test called: Testing the surat peringatan hrd has started 
2022-01-15 20:36:14,914 INFO  [Log] Test called: Testing the login hrd has started 
2022-01-15 20:36:17,042 INFO  [Log] INFO: Navigating to https://dev.ptdika.com/hrd_new/panel/login/ 
2022-01-15 20:36:24,164 INFO  [Log] Test called: Testing the surat peringatan hrd has started 
2022-01-15 20:37:11,510 INFO  [Log] Test called: Testing the login hrd has started 
2022-01-15 20:37:15,568 INFO  [Log] INFO: Navigating to https://dev.ptdika.com/hrd_new/panel/login/ 
2022-01-15 20:37:31,132 INFO  [Log] Test called: Testing the surat peringatan hrd has started 
2022-01-15 20:43:22,227 INFO  [Log] Test called: Testing the login hrd has started 
2022-01-15 20:43:26,130 INFO  [Log] INFO: Navigating to https://dev.ptdika.com/hrd_new/panel/login/ 
2022-01-15 20:43:34,876 INFO  [Log] Test called: Testing the surat peringatan hrd has started 
2022-01-15 20:48:50,037 INFO  [Log] Test called: Testing the login hrd has started 
2022-01-15 20:48:57,159 INFO  [Log] INFO: Navigating to https://dev.ptdika.com/hrd_new/panel/login/ 
2022-01-15 20:49:10,966 INFO  [Log] Test called: Testing the surat peringatan hrd has started 
2022-01-15 20:50:56,783 INFO  [Log] Test called: Testing the login hrd has started 
2022-01-15 20:50:59,343 INFO  [Log] INFO: Navigating to https://dev.ptdika.com/hrd_new/panel/login/ 
2022-01-15 20:51:07,254 INFO  [Log] Test called: Testing the surat peringatan hrd has started 
2022-01-15 21:29:07,124 INFO  [Log] Test called: Testing the login hrd has started 
2022-01-15 21:29:10,197 INFO  [Log] INFO: Navigating to https://dev.ptdika.com/hrd_new/panel/login/ 
2022-01-15 21:29:18,118 INFO  [Log] Test called: Testing the surat peringatan hrd has started 
2022-01-15 21:38:23,328 INFO  [Log] Test called: Testing the login hrd has started 
2022-01-15 21:38:29,280 INFO  [Log] INFO: Navigating to https://dev.ptdika.com/hrd_new/panel/login/ 
2022-01-15 21:38:35,264 INFO  [Log] Test called: Testing the Cuti has started 
2022-01-15 21:39:50,615 INFO  [Log] Test called: Testing the login hrd has started 
2022-01-15 21:39:53,279 INFO  [Log] INFO: Navigating to https://dev.ptdika.com/hrd_new/panel/login/ 
2022-01-15 21:40:00,185 INFO  [Log] Test called: Testing the Cuti has started 
2022-01-15 21:46:38,311 INFO  [Log] Test called: Testing the login hrd has started 
2022-01-15 21:46:41,047 INFO  [Log] INFO: Navigating to https://dev.ptdika.com/hrd_new/panel/login/ 
2022-01-15 21:46:45,351 INFO  [Log] Test called: Testing the Cuti has started 
2022-01-16 04:20:02,949 INFO  [Log] Test called: Testing the login hrd has started 
2022-01-16 04:20:04,421 INFO  [Log] INFO: Navigating to https://dev.ptdika.com/hrd_new/panel/login/ 
2022-01-16 04:20:09,456 INFO  [Log] Test called: Testing the Cuti has started 
2022-01-16 04:25:19,430 INFO  [Log] Test called: Testing login hrd has started 
2022-01-16 04:25:21,454 INFO  [Log] Test called: Testing Surat Peringatan has started 
2022-01-16 04:29:49,857 INFO  [Log] Test called: Testing login hrd has started 
2022-01-16 04:29:54,622 INFO  [Log] INFO: Navigating to https://dev.ptdika.com/hrd_new/panel/login/ 
2022-01-16 04:30:05,193 INFO  [Log] Test called: Testing Surat Peringatan has started 
2022-01-16 04:41:27,438 INFO  [Log] Test called: Testing login hrd has started 
2022-01-16 04:41:29,563 INFO  [Log] INFO: Navigating to https://dev.ptdika.com/hrd_new/panel/login/ 
2022-01-16 04:41:35,341 INFO  [Log] Test called: Testing Surat Peringatan has started 
2022-01-16 04:48:50,460 INFO  [Log] Test called: Testing login hrd has started 
2022-01-16 04:48:52,926 INFO  [Log] INFO: Navigating to https://dev.ptdika.com/hrd_new/panel/login/ 
2022-01-16 04:48:58,399 INFO  [Log] Test called: Testing Surat Peringatan has started 
2022-01-16 04:52:05,612 INFO  [Log] Test called: Testing login hrd has started 
2022-01-16 04:52:08,018 INFO  [Log] INFO: Navigating to https://dev.ptdika.com/hrd_new/panel/login/ 
2022-01-16 04:52:16,769 INFO  [Log] Test called: Testing Surat Peringatan has started 
2022-01-16 04:53:41,516 INFO  [Log] Test called: Testing login hrd has started 
2022-01-16 04:53:43,054 INFO  [Log] INFO: Navigating to https://dev.ptdika.com/hrd_new/panel/login/ 
2022-01-16 04:53:48,809 INFO  [Log] Test called: Testing Surat Peringatan has started 
2022-01-16 04:54:29,948 INFO  [Log] Test called: Testing login hrd has started 
2022-01-16 04:54:32,941 INFO  [Log] INFO: Navigating to https://dev.ptdika.com/hrd_new/panel/login/ 
2022-01-16 04:54:39,999 INFO  [Log] Test called: Testing Surat Peringatan has started 
2022-01-16 04:56:14,104 INFO  [Log] Test called: Testing login hrd has started 
2022-01-16 04:56:15,710 INFO  [Log] INFO: Navigating to https://dev.ptdika.com/hrd_new/panel/login/ 
2022-01-16 04:56:22,088 INFO  [Log] Test called: Testing Surat Peringatan has started 
2022-01-16 05:01:27,732 INFO  [Log] Test called: Testing login hrd has started 
2022-01-16 05:01:29,905 INFO  [Log] INFO: Navigating to https://dev.ptdika.com/hrd_new/panel/login/ 
2022-01-16 05:01:36,221 INFO  [Log] Test called: Testing Surat Peringatan has started 
2022-01-16 05:10:07,780 INFO  [Log] Test called: Testing login hrd has started 
2022-01-16 05:10:43,056 INFO  [Log] Test called: Testing Surat Peringatan has started 
2022-01-16 08:50:34,944 INFO  [Log] Test called: Testing login hrd has started 
2022-01-16 08:50:36,591 INFO  [Log] INFO: Navigating to https://dev.ptdika.com/hrd_new/panel/login/ 
2022-01-16 08:50:42,243 INFO  [Log] Test called: Testing Surat Peringatan has started 
2022-01-16 08:56:32,165 INFO  [Log] Test called: Testing login hrd has started 
2022-01-16 08:56:33,523 INFO  [Log] INFO: Navigating to https://dev.ptdika.com/hrd_new/panel/login/ 
2022-01-16 08:56:38,376 INFO  [Log] Test called: Testing Surat Peringatan has started 
2022-01-16 08:57:38,835 INFO  [Log] Test called: Testing login hrd has started 
2022-01-16 08:57:40,081 INFO  [Log] INFO: Navigating to https://dev.ptdika.com/hrd_new/panel/login/ 
2022-01-16 08:57:44,368 INFO  [Log] Test called: Testing Surat Peringatan has started 
2022-01-16 09:01:04,703 INFO  [Log] Test called: Testing login hrd has started 
2022-01-16 09:01:06,010 INFO  [Log] INFO: Navigating to https://dev.ptdika.com/hrd_new/panel/login/ 
2022-01-16 09:01:10,062 INFO  [Log] Test called: Testing Surat Peringatan has started 
2022-01-16 09:02:35,983 INFO  [Log] Test called: Testing login hrd has started 
2022-01-16 09:02:37,560 INFO  [Log] INFO: Navigating to https://dev.ptdika.com/hrd_new/panel/login/ 
2022-01-16 09:02:41,406 INFO  [Log] Test called: Testing Surat Peringatan has started 
2022-01-16 09:13:30,918 INFO  [Log] Test called: Testing login hrd has started 
2022-01-16 09:13:32,477 INFO  [Log] INFO: Navigating to https://dev.ptdika.com/hrd_new/panel/login/ 
2022-01-16 09:13:36,467 INFO  [Log] Test called: Testing Surat Peringatan has started 
2022-01-16 09:19:59,320 INFO  [Log] Test called: Testing login hrd has started 
2022-01-16 09:20:01,142 INFO  [Log] INFO: Navigating to https://dev.ptdika.com/hrd_new/panel/login/ 
2022-01-16 09:20:06,181 INFO  [Log] Test called: Testing Surat Peringatan has started 
2022-01-16 09:46:53,694 INFO  [Log] Test called: Testing login hrd has started 
2022-01-16 09:46:56,228 INFO  [Log] INFO: Navigating to https://dev.ptdika.com/hrd_new/panel/login/ 
2022-01-16 09:47:07,907 INFO  [Log] Test called: Testing Surat Peringatan has started 
2022-01-16 09:49:32,624 INFO  [Log] Test called: Testing login hrd has started 
2022-01-16 09:49:38,190 INFO  [Log] INFO: Navigating to https://dev.ptdika.com/hrd_new/panel/login/ 
2022-01-16 09:49:46,928 INFO  [Log] Test called: Testing Surat Peringatan has started 
2022-01-16 09:51:47,734 INFO  [Log] Test called: Testing login hrd has started 
2022-01-16 09:51:50,355 INFO  [Log] INFO: Navigating to https://dev.ptdika.com/hrd_new/panel/login/ 
2022-01-16 09:51:55,735 INFO  [Log] Test called: Testing Surat Peringatan has started 
2022-01-16 10:07:56,595 INFO  [Log] Test called: Testing login hrd has started 
2022-01-16 10:07:58,508 INFO  [Log] INFO: Navigating to https://dev.ptdika.com/hrd_new/panel/login/ 
2022-01-16 10:08:02,898 INFO  [Log] Test called: Testing Surat Peringatan has started 
2022-01-16 10:11:53,490 INFO  [Log] Test called: Testing login hrd has started 
2022-01-16 10:11:54,650 INFO  [Log] INFO: Navigating to https://dev.ptdika.com/hrd_new/panel/login/ 
2022-01-16 10:11:58,834 INFO  [Log] Test called: Testing Surat Peringatan has started 
2022-01-16 10:21:17,535 INFO  [Log] Test called: Testing login hrd has started 
2022-01-16 10:21:18,864 INFO  [Log] INFO: Navigating to https://dev.ptdika.com/hrd_new/panel/login/ 
2022-01-16 10:21:23,277 INFO  [Log] Test called: Testing Surat Peringatan has started 
2022-01-16 10:24:20,846 INFO  [Log] Test called: Testing login hrd has started 
2022-01-16 10:24:22,189 INFO  [Log] INFO: Navigating to https://dev.ptdika.com/hrd_new/panel/login/ 
2022-01-16 10:24:26,953 INFO  [Log] Test called: Testing Surat Peringatan has started 
2022-01-16 10:29:08,491 INFO  [Log] Test called: Testing login hrd has started 
2022-01-16 10:29:11,337 INFO  [Log] INFO: Navigating to https://dev.ptdika.com/hrd_new/panel/login/ 
2022-01-16 10:29:16,415 INFO  [Log] Test called: Testing Surat Peringatan has started 
2022-01-16 10:40:03,993 INFO  [Log] Test called: Testing login hrd has started 
2022-01-16 10:40:07,043 INFO  [Log] INFO: Navigating to https://dev.ptdika.com/hrd_new/panel/login/ 
2022-01-16 10:40:13,050 INFO  [Log] Test called: Testing Surat Peringatan has started 
2022-01-16 10:50:02,133 INFO  [Log] Test called: Testing login hrd has started 
2022-01-16 10:50:05,736 INFO  [Log] INFO: Navigating to https://dev.ptdika.com/hrd_new/panel/login/ 
2022-01-16 10:50:10,664 INFO  [Log] Test called: Testing Surat Peringatan has started 
2022-01-16 10:59:28,957 INFO  [Log] Test called: Testing login hrd has started 
2022-01-16 10:59:31,747 INFO  [Log] INFO: Navigating to https://dev.ptdika.com/hrd_new/panel/login/ 
2022-01-16 10:59:39,284 INFO  [Log] Test called: Testing Surat Peringatan has started 
2022-01-16 11:24:50,698 INFO  [Log] Test called: Testing login hrd has started 
2022-01-16 11:24:56,173 INFO  [Log] INFO: Navigating to https://dev.ptdika.com/hrd_new/panel/login/ 
2022-01-16 11:25:01,485 INFO  [Log] Test called: Testing Surat Peringatan has started 
2022-01-16 11:38:38,981 INFO  [Log] Test called: Testing login hrd has started 
2022-01-16 11:38:40,613 INFO  [Log] INFO: Navigating to https://dev.ptdika.com/hrd_new/panel/login/ 
2022-01-16 11:38:47,272 INFO  [Log] Test called: Testing Surat Peringatan has started 
2022-01-16 11:43:38,828 INFO  [Log] Test called: Testing login hrd has started 
2022-01-16 11:43:41,185 INFO  [Log] INFO: Navigating to https://dev.ptdika.com/hrd_new/panel/login/ 
2022-01-16 11:43:45,371 INFO  [Log] Test called: Testing Surat Peringatan has started 
2022-01-16 11:46:28,045 INFO  [Log] Test called: Testing login hrd has started 
2022-01-16 11:46:29,721 INFO  [Log] INFO: Navigating to https://dev.ptdika.com/hrd_new/panel/login/ 
2022-01-16 11:46:34,683 INFO  [Log] Test called: Testing Surat Peringatan has started 
2022-01-16 11:52:34,086 INFO  [Log] Test called: Testing login hrd has started 
2022-01-16 11:52:35,798 INFO  [Log] INFO: Navigating to https://dev.ptdika.com/hrd_new/panel/login/ 
2022-01-16 11:52:41,640 INFO  [Log] Test called: Testing Surat Peringatan has started 
2022-01-16 11:55:40,202 INFO  [Log] Test called: Testing login hrd has started 
2022-01-16 11:55:43,727 INFO  [Log] INFO: Navigating to https://dev.ptdika.com/hrd_new/panel/login/ 
2022-01-16 11:55:51,013 INFO  [Log] Test called: Testing Surat Peringatan has started 
2022-01-16 11:59:38,318 INFO  [Log] Test called: Testing login hrd has started 
2022-01-16 11:59:39,849 INFO  [Log] INFO: Navigating to https://dev.ptdika.com/hrd_new/panel/login/ 
2022-01-16 11:59:44,437 INFO  [Log] Test called: Testing Surat Peringatan has started 
2022-01-16 12:06:41,572 INFO  [Log] Test called: Testing login hrd has started 
2022-01-16 12:06:43,897 INFO  [Log] INFO: Navigating to https://dev.ptdika.com/hrd_new/panel/login/ 
2022-01-16 12:06:49,366 INFO  [Log] Test called: Testing Surat Peringatan has started 
2022-01-16 12:09:56,642 INFO  [Log] Test called: Testing login hrd has started 
2022-01-16 12:09:57,985 INFO  [Log] INFO: Navigating to https://dev.ptdika.com/hrd_new/panel/login/ 
2022-01-16 12:10:08,987 INFO  [Log] Test called: Testing Surat Peringatan has started 
2022-01-16 12:51:38,809 INFO  [Log] Test called: Testing login hrd has started 
2022-01-16 12:51:41,164 INFO  [Log] INFO: Navigating to https://dev.ptdika.com/hrd_new/panel/login/ 
2022-01-16 12:51:46,502 INFO  [Log] Test called: Testing Surat Peringatan has started 
2022-01-16 12:54:06,661 INFO  [Log] Test called: Testing login hrd has started 
2022-01-16 12:54:07,938 INFO  [Log] INFO: Navigating to https://dev.ptdika.com/hrd_new/panel/login/ 
2022-01-16 12:54:12,883 INFO  [Log] Test called: Testing Surat Peringatan has started 
2022-01-16 12:57:32,119 INFO  [Log] Test called: Testing login hrd has started 
2022-01-16 12:57:34,433 INFO  [Log] INFO: Navigating to https://dev.ptdika.com/hrd_new/panel/login/ 
2022-01-16 12:57:39,257 INFO  [Log] Test called: Testing Surat Peringatan has started 
2022-01-16 13:40:07,981 INFO  [Log] Test called: Testing login hrd has started 
2022-01-16 13:40:09,380 INFO  [Log] INFO: Navigating to https://dev.ptdika.com/hrd_new/panel/login/ 
2022-01-16 13:40:14,245 INFO  [Log] Test called: Testing Surat Peringatan has started 
2022-01-16 13:56:07,725 INFO  [Log] Test called: Testing login hrd has started 
2022-01-16 13:56:09,456 INFO  [Log] INFO: Navigating to https://dev.ptdika.com/hrd_new/panel/login/ 
2022-01-16 13:56:13,529 INFO  [Log] Test called: Testing Surat Peringatan has started 
2022-01-16 14:04:46,657 INFO  [Log] Test called: Testing login hrd has started 
2022-01-16 14:04:48,628 INFO  [Log] INFO: Navigating to https://dev.ptdika.com/hrd_new/panel/login/ 
2022-01-16 14:04:53,146 INFO  [Log] Test called: Testing Surat Peringatan has started 
2022-01-16 14:06:13,837 INFO  [Log] Test called: Testing login hrd has started 
2022-01-16 14:06:15,382 INFO  [Log] INFO: Navigating to https://dev.ptdika.com/hrd_new/panel/login/ 
2022-01-16 14:06:19,745 INFO  [Log] Test called: Testing Surat Peringatan has started 
2022-01-16 14:10:39,886 INFO  [Log] Test called: Testing login hrd has started 
2022-01-16 14:10:41,551 INFO  [Log] INFO: Navigating to https://dev.ptdika.com/hrd_new/panel/login/ 
2022-01-16 14:10:46,873 INFO  [Log] Test called: Testing Surat Peringatan has started 
2022-01-16 14:13:00,770 INFO  [Log] Test called: Testing login hrd has started 
2022-01-16 14:13:02,538 INFO  [Log] INFO: Navigating to https://dev.ptdika.com/hrd_new/panel/login/ 
2022-01-16 14:13:08,544 INFO  [Log] Test called: Testing Surat Peringatan has started 
2022-01-16 14:18:47,770 INFO  [Log] Test called: Testing login hrd has started 
2022-01-16 14:18:49,179 INFO  [Log] INFO: Navigating to https://dev.ptdika.com/hrd_new/panel/login/ 
2022-01-16 14:18:53,429 INFO  [Log] Test called: Testing Surat Peringatan has started 
2022-01-16 14:22:26,623 INFO  [Log] Test called: Testing login hrd has started 
2022-01-16 14:22:28,096 INFO  [Log] INFO: Navigating to https://dev.ptdika.com/hrd_new/panel/login/ 
2022-01-16 14:22:32,308 INFO  [Log] Test called: Testing Surat Peringatan has started 
2022-01-16 14:24:50,008 INFO  [Log] Test called: Testing login hrd has started 
2022-01-16 14:24:51,680 INFO  [Log] INFO: Navigating to https://dev.ptdika.com/hrd_new/panel/login/ 
2022-01-16 14:24:56,103 INFO  [Log] Test called: Testing Surat Peringatan has started 
2022-01-16 14:39:41,966 INFO  [Log] Test called: Testing login hrd has started 
2022-01-16 14:39:44,326 INFO  [Log] INFO: Navigating to https://dev.ptdika.com/hrd_new/panel/login/ 
2022-01-16 14:39:50,471 INFO  [Log] Test called: Testing Surat Peringatan has started 
2022-01-16 14:58:45,825 INFO  [Log] Test called: Testing login hrd has started 
2022-01-16 14:58:48,028 INFO  [Log] INFO: Navigating to https://dev.ptdika.com/hrd_new/panel/login/ 
2022-01-16 14:58:54,038 INFO  [Log] Test called: Testing Surat Peringatan has started 
2022-01-16 15:06:34,743 INFO  [Log] Test called: Testing login hrd has started 
2022-01-16 15:06:35,975 INFO  [Log] INFO: Navigating to https://dev.ptdika.com/hrd_new/panel/login/ 
2022-01-16 15:06:54,017 INFO  [Log] Test called: Testing Surat Peringatan has started 
2022-01-16 15:10:19,565 INFO  [Log] Test called: Testing login hrd has started 
2022-01-16 15:10:21,807 INFO  [Log] INFO: Navigating to https://dev.ptdika.com/hrd_new/panel/login/ 
2022-01-16 15:10:28,150 INFO  [Log] Test called: Testing Surat Peringatan has started 
2022-01-16 15:14:19,893 INFO  [Log] Test called: Testing login hrd has started 
2022-01-16 15:14:21,608 INFO  [Log] INFO: Navigating to https://dev.ptdika.com/hrd_new/panel/login/ 
2022-01-16 15:14:25,344 INFO  [Log] Test called: Testing Surat Peringatan has started 
2022-01-16 15:15:44,604 INFO  [Log] Test called: Testing login hrd has started 
2022-01-16 15:15:46,313 INFO  [Log] INFO: Navigating to https://dev.ptdika.com/hrd_new/panel/login/ 
2022-01-16 15:15:50,323 INFO  [Log] Test called: Testing Surat Peringatan has started 
2022-01-16 15:27:51,392 INFO  [Log] Test called: Testing login hrd has started 
2022-01-16 15:27:53,104 INFO  [Log] INFO: Navigating to https://dev.ptdika.com/hrd_new/panel/login/ 
2022-01-16 15:27:57,357 INFO  [Log] Test called: Testing Surat Peringatan has started 
2022-01-16 15:29:13,776 INFO  [Log] Test called: Testing login hrd has started 
2022-01-16 15:29:15,870 INFO  [Log] INFO: Navigating to https://dev.ptdika.com/hrd_new/panel/login/ 
2022-01-16 15:29:19,888 INFO  [Log] Test called: Testing Surat Peringatan has started 
2022-01-16 15:31:26,400 INFO  [Log] Test called: Testing login hrd has started 
2022-01-16 15:31:28,968 INFO  [Log] INFO: Navigating to https://dev.ptdika.com/hrd_new/panel/login/ 
2022-01-16 15:31:34,053 INFO  [Log] Test called: Testing Surat Peringatan has started 
2022-01-16 15:37:14,633 INFO  [Log] Test called: Testing login hrd has started 
2022-01-16 15:37:16,464 INFO  [Log] INFO: Navigating to https://dev.ptdika.com/hrd_new/panel/login/ 
2022-01-16 15:37:21,307 INFO  [Log] Test called: Testing Surat Peringatan has started 
2022-01-16 15:47:21,827 INFO  [Log] Test called: Testing login hrd has started 
2022-01-16 15:47:23,139 INFO  [Log] INFO: Navigating to https://dev.ptdika.com/hrd_new/panel/login/ 
2022-01-16 15:47:27,587 INFO  [Log] Test called: Testing Surat Peringatan has started 
2022-01-16 15:49:30,178 INFO  [Log] Test called: Testing login hrd has started 
2022-01-16 15:49:31,456 INFO  [Log] INFO: Navigating to https://dev.ptdika.com/hrd_new/panel/login/ 
2022-01-16 15:49:35,502 INFO  [Log] Test called: Testing Surat Peringatan has started 
2022-01-16 16:54:10,930 INFO  [Log] Test called: Testing login hrd has started 
2022-01-16 16:54:15,288 INFO  [Log] INFO: Navigating to https://dev.ptdika.com/hrd_new/panel/login/ 
2022-01-16 16:54:23,839 INFO  [Log] Test called: Testing Surat Peringatan has started 
2022-01-16 17:04:51,090 INFO  [Log] Test called: Testing login hrd has started 
2022-01-16 17:04:55,674 INFO  [Log] INFO: Navigating to https://dev.ptdika.com/hrd_new/panel/login/ 
2022-01-16 17:05:04,225 INFO  [Log] Test called: Testing Surat Peringatan has started 
2022-01-16 18:05:23,771 INFO  [Log] Test called: Testing login hrd has started 
2022-01-16 18:05:25,725 INFO  [Log] INFO: Navigating to https://dev.ptdika.com/hrd_new/panel/login/ 
2022-01-16 18:05:29,663 INFO  [Log] Test called: Testing Surat Peringatan has started 
2022-01-16 18:47:49,430 INFO  [Log] Test called: Testing login hrd has started 
2022-01-16 18:47:54,126 INFO  [Log] INFO: Navigating to https://dev.ptdika.com/hrd_new/panel/login/ 
2022-01-16 18:48:14,079 INFO  [Log] Test called: Testing Surat Peringatan has started 
2022-01-16 18:51:42,984 INFO  [Log] Test called: Testing login hrd has started 
2022-01-16 18:51:46,000 INFO  [Log] INFO: Navigating to https://dev.ptdika.com/hrd_new/panel/login/ 
2022-01-16 18:51:51,009 INFO  [Log] Test called: Testing Surat Peringatan has started 
2022-01-16 19:26:04,367 INFO  [Log] Test called: Testing login hrd has started 
2022-01-16 19:26:05,586 INFO  [Log] INFO: Navigating to https://dev.ptdika.com/hrd_new/panel/login/ 
2022-01-16 19:26:11,144 INFO  [Log] Test called: Testing Surat Peringatan has started 
2022-01-16 19:30:39,198 INFO  [Log] Test called: Testing login hrd has started 
2022-01-16 19:30:40,569 INFO  [Log] INFO: Navigating to https://dev.ptdika.com/hrd_new/panel/login/ 
2022-01-16 19:30:45,830 INFO  [Log] Test called: Testing Surat Peringatan has started 
2022-01-16 19:47:30,097 INFO  [Log] Test called: Testing login hrd has started 
2022-01-16 19:47:32,330 INFO  [Log] INFO: Navigating to https://dev.ptdika.com/hrd_new/panel/login/ 
2022-01-16 19:47:37,562 INFO  [Log] Test called: Testing Surat Peringatan has started 
2022-01-16 19:48:22,571 INFO  [Log] Test called: Testing logout hrd has started 
2022-01-16 19:52:57,089 INFO  [Log] Test called: Testing login hrd has started 
2022-01-16 19:52:59,485 INFO  [Log] INFO: Navigating to https://dev.ptdika.com/hrd_new/panel/login/ 
2022-01-16 19:53:03,490 INFO  [Log] Test called: Testing Surat Peringatan has started 
2022-01-16 19:53:47,055 INFO  [Log] Test called: Testing logout hrd has started 
2022-01-16 20:05:51,771 INFO  [Log] Test called: Testing login hrd has started 
2022-01-16 20:05:53,575 INFO  [Log] INFO: Navigating to https://dev.ptdika.com/hrd_new/panel/login/ 
2022-01-16 20:05:58,203 INFO  [Log] Test called: Testing Surat Peringatan has started 
2022-01-16 20:06:43,190 INFO  [Log] Test called: Testing logout hrd has started 
2022-01-16 20:24:58,648 INFO  [Log] Test called: Testing login hrd has started 
2022-01-16 20:25:00,648 INFO  [Log] INFO: Navigating to https://dev.ptdika.com/hrd_new/panel/login/ 
2022-01-16 20:25:07,675 INFO  [Log] Test called: Testing Surat Peringatan has started 
2022-01-16 20:25:47,121 INFO  [Log] Test called: Testing logout hrd has started 
2022-01-16 20:42:27,135 INFO  [Log] Test called: Testing login hrd has started 
2022-01-16 20:42:28,614 INFO  [Log] INFO: Navigating to https://dev.ptdika.com/hrd_new/panel/login/ 
2022-01-16 20:42:32,499 INFO  [Log] Test called: Testing Surat Peringatan has started 
2022-01-16 20:43:07,427 INFO  [Log] Test called: Testing logout hrd has started 
2022-01-16 20:49:07,539 INFO  [Log] Test called: Testing login hrd has started 
2022-01-16 20:49:08,689 INFO  [Log] INFO: Navigating to https://dev.ptdika.com/hrd_new/panel/login/ 
2022-01-16 20:49:12,426 INFO  [Log] Test called: Testing Surat Peringatan has started 
2022-01-16 20:49:47,658 INFO  [Log] Test called: Testing logout hrd has started 
2022-01-16 20:54:07,673 INFO  [Log] Test called: Testing login hrd has started 
2022-01-16 20:54:09,006 INFO  [Log] INFO: Navigating to https://dev.ptdika.com/hrd_new/panel/login/ 
2022-01-16 20:54:13,497 INFO  [Log] Test called: Testing Surat Peringatan has started 
2022-01-16 20:54:57,648 INFO  [Log] Test called: Testing logout hrd has started 
2022-01-16 20:59:18,509 INFO  [Log] Test called: Testing login hrd has started 
2022-01-16 20:59:19,781 INFO  [Log] INFO: Navigating to https://dev.ptdika.com/hrd_new/panel/login/ 
2022-01-16 20:59:25,059 INFO  [Log] Test called: Testing Surat Peringatan has started 
2022-01-16 21:00:09,143 INFO  [Log] Test called: Testing logout hrd has started 
2022-01-16 21:01:16,653 INFO  [Log] Test called: Testing login hrd has started 
2022-01-16 21:01:18,636 INFO  [Log] INFO: Navigating to https://dev.ptdika.com/hrd_new/panel/login/ 
2022-01-16 21:01:22,815 INFO  [Log] Test called: Testing Surat Peringatan has started 
2022-01-16 21:01:58,280 INFO  [Log] Test called: Testing logout hrd has started 
2022-01-16 21:11:57,799 INFO  [Log] Test called: Testing login hrd has started 
2022-01-16 21:11:59,500 INFO  [Log] INFO: Navigating to https://dev.ptdika.com/hrd_new/panel/login/ 
2022-01-16 21:12:06,454 INFO  [Log] Test called: Testing Surat Peringatan has started 
2022-01-16 21:12:51,607 INFO  [Log] Test called: Testing logout hrd has started 
2022-01-16 21:13:21,981 INFO  [Log] Test called: Testing login hrd has started 
2022-01-16 21:13:23,865 INFO  [Log] INFO: Navigating to https://dev.ptdika.com/hrd_new/panel/login/ 
2022-01-16 21:13:30,806 INFO  [Log] Test called: Testing Surat Peringatan has started 
2022-01-16 21:14:12,346 INFO  [Log] Test called: Testing logout hrd has started 
2022-01-16 21:16:30,725 INFO  [Log] Test called: Testing login hrd has started 
2022-01-16 21:16:33,514 INFO  [Log] INFO: Navigating to https://dev.ptdika.com/hrd_new/panel/login/ 
2022-01-16 21:16:41,059 INFO  [Log] Test called: Testing Surat Peringatan has started 
2022-01-16 21:17:26,987 INFO  [Log] Test called: Testing logout hrd has started 
2022-01-16 21:18:22,221 INFO  [Log] Test called: Testing login hrd has started 
2022-01-16 21:18:23,826 INFO  [Log] INFO: Navigating to https://dev.ptdika.com/hrd_new/panel/login/ 
2022-01-16 21:18:30,929 INFO  [Log] Test called: Testing Surat Peringatan has started 
2022-01-16 21:19:14,199 INFO  [Log] Test called: Testing logout hrd has started 
2022-01-16 21:26:22,020 INFO  [Log] Test called: Testing login hrd has started 
2022-01-16 21:26:24,551 INFO  [Log] INFO: Navigating to https://dev.ptdika.com/hrd_new/panel/login/ 
2022-01-16 21:26:31,075 INFO  [Log] Test called: Testing Surat Peringatan has started 
2022-01-16 21:27:07,717 INFO  [Log] Test called: Testing logout hrd has started 
2022-01-16 21:34:44,728 INFO  [Log] Test called: Testing login hrd has started 
2022-01-16 21:34:46,868 INFO  [Log] INFO: Navigating to https://dev.ptdika.com/hrd_new/panel/login/ 
2022-01-16 21:34:52,984 INFO  [Log] Test called: Testing Surat Peringatan has started 
2022-01-16 21:35:39,647 INFO  [Log] Test called: Testing logout hrd has started 
2022-01-16 21:45:59,031 INFO  [Log] Test called: Testing login hrd has started 
2022-01-16 21:46:06,402 INFO  [Log] INFO: Navigating to https://dev.ptdika.com/hrd_new/panel/login/ 
2022-01-16 21:46:17,087 INFO  [Log] Test called: Testing Surat Peringatan has started 
2022-01-16 21:47:16,614 INFO  [Log] Test called: Testing logout hrd has started 
2022-01-16 22:04:57,704 INFO  [Log] Test called: Testing login hrd has started 
2022-01-16 22:05:02,921 INFO  [Log] INFO: Navigating to https://dev.ptdika.com/hrd_new/panel/login/ 
2022-01-16 22:05:12,028 INFO  [Log] Test called: Testing Surat Peringatan has started 
2022-01-16 22:05:57,302 INFO  [Log] Test called: Testing logout hrd has started 
2022-01-16 22:07:43,957 INFO  [Log] Test called: Testing login hrd has started 
2022-01-16 22:07:46,539 INFO  [Log] INFO: Navigating to https://dev.ptdika.com/hrd_new/panel/login/ 
2022-01-16 22:07:59,650 INFO  [Log] Test called: Testing Surat Peringatan has started 
2022-01-16 22:08:54,391 INFO  [Log] Test called: Testing logout hrd has started 
2022-01-16 22:15:05,542 INFO  [Log] Test called: Testing login hrd has started 
2022-01-16 22:15:14,459 INFO  [Log] INFO: Navigating to https://dev.ptdika.com/hrd_new/panel/login/ 
2022-01-16 22:15:34,890 INFO  [Log] Test called: Testing Surat Peringatan has started 
2022-01-16 22:16:42,382 INFO  [Log] Test called: Testing logout hrd has started 
2022-01-16 22:31:53,568 INFO  [Log] Test called: Testing login hrd has started 
2022-01-16 22:32:01,083 INFO  [Log] INFO: Navigating to https://dev.ptdika.com/hrd_new/panel/login/ 
2022-01-16 22:32:16,201 INFO  [Log] Test called: Testing Surat Peringatan has started 
2022-01-16 22:33:27,493 INFO  [Log] Test called: Testing logout hrd has started 
2022-01-16 22:36:22,416 INFO  [Log] Test called: Testing login hrd has started 
2022-01-16 22:36:34,049 INFO  [Log] INFO: Navigating to https://dev.ptdika.com/hrd_new/panel/login/ 
2022-01-16 22:36:54,259 INFO  [Log] Test called: Testing Surat Peringatan has started 
2022-01-16 22:38:17,632 INFO  [Log] Test called: Testing logout hrd has started 
2022-01-16 22:41:07,397 INFO  [Log] Test called: Testing login hrd has started 
2022-01-16 22:41:17,243 INFO  [Log] INFO: Navigating to https://dev.ptdika.com/hrd_new/panel/login/ 
2022-01-16 22:41:30,011 INFO  [Log] Test called: Testing Surat Peringatan has started 
2022-01-16 22:42:53,618 INFO  [Log] Test called: Testing logout hrd has started 
2022-01-17 16:51:46,279 INFO  [Log] Test called: Testing login hrd has started 
2022-01-17 18:59:22,634 INFO  [Log] Test called: Testing login hrd has started 
2022-01-17 18:59:25,550 INFO  [Log] INFO: Navigating to https://dev.ptdika.com/hrd_new/panel/login/ 
2022-01-17 18:59:31,446 INFO  [Log] Test called: Testing Surat Peringatan has started 
2022-01-18 15:43:38,587 INFO  [Log] Test called: Testing login hrd has started 
2022-01-18 15:43:41,092 INFO  [Log] INFO: Navigating to https://dev.ptdika.com/hrd_new/panel/login/ 
2022-01-18 15:43:53,512 INFO  [Log] Test called: Testing Surat Peringatan has started 
2022-01-18 16:03:39,714 INFO  [Log] Test called: Testing login hrd has started 
2022-01-18 16:03:41,195 INFO  [Log] INFO: Navigating to https://dev.ptdika.com/hrd_new/panel/login/ 
2022-01-18 16:03:47,918 INFO  [Log] Test called: Testing Surat Peringatan has started 
2022-01-18 16:07:34,621 INFO  [Log] Test called: Testing login hrd has started 
2022-01-18 16:07:37,802 INFO  [Log] INFO: Navigating to https://dev.ptdika.com/employee/ 
2022-01-18 16:07:49,397 INFO  [Log] Test called: Testing Surat Peringatan has started 
2022-01-18 17:37:18,894 INFO  [Log] Test called: Testing login survisor has started 
2022-01-18 17:37:22,604 INFO  [Log] INFO: Navigating to https://dev.ptdika.com/employee/ 
2022-01-18 17:38:42,838 INFO  [Log] Test called: Testing login survisor has started 
2022-01-18 17:38:45,937 INFO  [Log] INFO: Navigating to https://dev.ptdika.com/employee/ 
2022-01-18 18:33:52,627 INFO  [Log] Test called: Testing login survisor has started 
2022-01-18 18:33:54,823 INFO  [Log] INFO: Navigating to https://dev.ptdika.com/employee/ 
2022-01-18 18:34:00,543 INFO  [Log] Test called: Testing home page has started 
2022-01-18 18:43:13,820 INFO  [Log] Test called: Testing login survisor has started 
2022-01-18 18:43:16,287 INFO  [Log] INFO: Navigating to https://dev.ptdika.com/employee/ 
2022-01-18 18:43:21,404 INFO  [Log] Test called: Testing home page has started 
2022-01-18 18:44:33,205 INFO  [Log] Test called: Testing login survisor has started 
2022-01-18 18:44:34,947 INFO  [Log] INFO: Navigating to https://dev.ptdika.com/employee/ 
2022-01-18 18:44:39,831 INFO  [Log] Test called: Testing home page has started 
2022-01-18 18:47:46,702 INFO  [Log] Test called: Testing login survisor has started 
2022-01-18 18:47:48,824 INFO  [Log] INFO: Navigating to https://dev.ptdika.com/employee/ 
2022-01-18 18:47:54,726 INFO  [Log] Test called: Testing home page has started 
2022-01-18 18:48:44,665 INFO  [Log] Test called: Testing login survisor has started 
2022-01-18 18:48:46,385 INFO  [Log] INFO: Navigating to https://dev.ptdika.com/employee/ 
2022-01-18 18:48:52,497 INFO  [Log] Test called: Testing home page has started 
2022-01-18 18:49:37,003 INFO  [Log] Test called: Testing login survisor has started 
2022-01-18 18:49:39,501 INFO  [Log] INFO: Navigating to https://dev.ptdika.com/employee/ 
2022-01-18 18:49:46,504 INFO  [Log] Test called: Testing home page has started 
2022-01-18 19:00:17,550 INFO  [Log] Test called: Testing login survisor has started 
2022-01-18 19:00:20,257 INFO  [Log] INFO: Navigating to https://dev.ptdika.com/employee/ 
2022-01-18 19:00:24,924 INFO  [Log] Test called: Testing home page has started 
2022-01-18 19:02:54,466 INFO  [Log] Test called: Testing login survisor has started 
2022-01-18 19:02:57,053 INFO  [Log] INFO: Navigating to https://dev.ptdika.com/employee/ 
2022-01-18 19:03:01,984 INFO  [Log] Test called: Testing home page has started 
2022-01-18 19:04:39,197 INFO  [Log] Test called: Testing login survisor has started 
2022-01-18 19:04:41,711 INFO  [Log] INFO: Navigating to https://dev.ptdika.com/employee/ 
2022-01-18 19:04:47,198 INFO  [Log] Test called: Testing home page has started 
2022-01-18 19:07:51,991 INFO  [Log] Test called: Testing login survisor has started 
2022-01-18 19:07:55,053 INFO  [Log] INFO: Navigating to https://dev.ptdika.com/employee/ 
2022-01-18 19:08:00,101 INFO  [Log] Test called: Testing home page has started 
2022-01-18 19:10:47,591 INFO  [Log] Test called: Testing login survisor has started 
2022-01-18 19:10:54,026 INFO  [Log] INFO: Navigating to https://dev.ptdika.com/employee/ 
2022-01-18 19:11:08,205 INFO  [Log] Test called: Testing home page has started 
2022-01-18 19:12:10,875 INFO  [Log] Test called: Testing login survisor has started 
2022-01-18 19:12:19,530 INFO  [Log] INFO: Navigating to https://dev.ptdika.com/employee/ 
2022-01-18 19:12:31,629 INFO  [Log] Test called: Testing home page has started 
2022-01-18 19:19:29,484 INFO  [Log] Test called: Testing login survisor has started 
2022-01-18 19:19:31,908 INFO  [Log] INFO: Navigating to https://dev.ptdika.com/employee/ 
2022-01-18 19:19:40,682 INFO  [Log] Test called: Testing home page has started 
2022-01-18 19:28:16,616 INFO  [Log] Test called: Testing login survisor has started 
2022-01-18 19:28:19,324 INFO  [Log] INFO: Navigating to https://dev.ptdika.com/employee/ 
2022-01-18 19:28:28,916 INFO  [Log] Test called: Testing home page has started 
2022-01-18 19:40:19,962 INFO  [Log] Test called: Testing login survisor has started 
2022-01-18 19:40:22,692 INFO  [Log] INFO: Navigating to https://dev.ptdika.com/employee/ 
2022-01-18 19:40:31,954 INFO  [Log] Test called: Testing home page has started 
2022-01-18 19:52:52,147 INFO  [Log] Test called: Testing login survisor has started 
2022-01-18 19:52:54,730 INFO  [Log] INFO: Navigating to https://dev.ptdika.com/employee/ 
2022-01-18 19:53:03,782 INFO  [Log] Test called: Testing home page has started 
2022-01-18 19:55:16,565 INFO  [Log] Test called: Testing login survisor has started 
2022-01-18 19:55:18,445 INFO  [Log] INFO: Navigating to https://dev.ptdika.com/employee/ 
2022-01-18 19:55:28,020 INFO  [Log] Test called: Testing home page has started 
